[debug] ----------------------------------------------------------------------
[debug] Command:      C:\Program Files\nodejs\node.exe C:\Users\node06\AppData\Roaming\npm\node_modules\firebase-tools\bin\firebase serve
[debug] CLI Version:  3.0.7
[debug] Platform:     win32
[debug] Node Version: v4.5.0
[debug] Time:         Wed Sep 28 2016 09:57:33 GMT+0700 (SE Asia Standard Time)
[debug] ----------------------------------------------------------------------
[debug] 
[info] Starting Firebase development server...
[info] 
[info] Project Directory: C:\Users\node06\Documents\ComputinhAwesome
[info] Public Directory: /
[info] 
[info] Server listening at: http://localhost:5000
[debug] ----------------------------------------------------------------------
[debug] Command:      C:\Program Files\nodejs\node.exe C:\Users\azaqo\AppData\Roaming\npm\node_modules\firebase-tools\bin\firebase serve
[debug] CLI Version:  3.0.7
[debug] Platform:     win32
[debug] Node Version: v4.5.0
[debug] Time:         Tue Sep 27 2016 23:41:52 GMT+0700 (SE Asia Standard Time)
[debug] ----------------------------------------------------------------------
[debug] 
[info] Starting Firebase development server...
[info] 
[info] Project Directory: C:\Users\azaqo\WebstormProjects\ComputinhAwesome
[info] Public Directory: /
[info] 
[info] Server listening at: http://localhost:5000
[debug] ----------------------------------------------------------------------
[debug] Command:      C:\Program Files\nodejs\node.exe C:\Users\azaqo\AppData\Roaming\npm\node_modules\firebase-tools\bin\firebase serve
[debug] CLI Version:  3.0.7
[debug] Platform:     win32
[debug] Node Version: v4.5.0
[debug] Time:         Wed Sep 28 2016 20:42:19 GMT+0700 (SE Asia Standard Time)
[debug] ----------------------------------------------------------------------
[debug] 
[info] Starting Firebase development server...
[info] 
[info] Project Directory: C:\Users\azaqo\WebstormProjects\ComputinhAwesome
[info] Public Directory: /
[info] 
[info] Server listening at: http://localhost:5000
